<?xml version="1.0" encoding="UTF-8"?>
<!-- Generated by org.testng.reporters.JUnitReportReporter -->
<testsuite hostname="MOMDAD" failures="0" tests="1" name="org.POM_TestCases.PushpaAssignmentIMDBSourceTC" time="17.811" errors="0" timestamp="2023-02-26T22:53:41 IST" skipped="0">
  <testcase classname="org.POM_TestCases.PushpaAssignmentIMDBSourceTC" name="verifyMovieInformation" time="17.811"/>
  <system-out>
    <![CDATA[country name is =India
release date is =December 17, 2021 (United States)]]>
  </system-out>
</testsuite> <!-- org.POM_TestCases.PushpaAssignmentIMDBSourceTC -->
