<?xml version="1.0" encoding="UTF-8"?>
<!-- Generated by org.testng.reporters.JUnitReportReporter -->
<testsuite hostname="MOMDAD" failures="0" tests="1" name="org.POM_TestCases.PushpaAssignmentWickiPediaSourceTC" time="9.505" errors="0" timestamp="2023-02-26T22:53:41 IST" skipped="0">
  <testcase classname="org.POM_TestCases.PushpaAssignmentWickiPediaSourceTC" name="verifyMovieInformation" time="9.505"/>
  <system-out>
    <![CDATA[country name is =India
release date is =17 December 2021]]>
  </system-out>
</testsuite> <!-- org.POM_TestCases.PushpaAssignmentWickiPediaSourceTC -->
