<?xml version="1.0" encoding="UTF-8"?>
<!-- Generated by org.testng.reporters.JUnitReportReporter -->
<testsuite hostname="MOMDAD" failures="0" tests="1" name="org.POM_TestCases.PushpaAssignmentWickiPediaSourceTC" time="5.438" errors="0" timestamp="2023-02-26T22:15:25 IST" skipped="0">
  <testcase classname="org.POM_TestCases.PushpaAssignmentWickiPediaSourceTC" name="verifyMovieInformation" time="5.438"/>
  <system-out>
    <![CDATA[country name is =India
date is =17 December 2021]]>
  </system-out>
</testsuite> <!-- org.POM_TestCases.PushpaAssignmentWickiPediaSourceTC -->
